<?xml version="1.0" encoding="UTF-8"?>
<!-- Generated by org.testng.reporters.JUnitXMLReporter -->
<testsuite ignored="2" hostname="DESKTOP-S8JOV8U" failures="0" tests="0" time="0.029" errors="0" timestamp="2023-10-23T15:33:09 IST">
  <testcase classname="omayo.testcases.CheckBoxMultipleVerify" name="verifyAllBOxesGetCheckOrNot" time="0.0">
    <ignored/>
  </testcase> <!-- verifyAllBOxesGetCheckOrNot -->
  <testcase classname="omayo.testcases.CheckBoxMultipleVerify" name="verifyIfTwoCheckBoxesIsSelectedOrNot" time="0.0">
    <ignored/>
  </testcase> <!-- verifyIfTwoCheckBoxesIsSelectedOrNot -->
</testsuite>
