<?xml version="1.0" encoding="UTF-8"?>
<!-- Generated by org.testng.reporters.JUnitXMLReporter -->
<testsuite ignored="3" hostname="DESKTOP-S8JOV8U" failures="0" tests="1" name="Test" time="0.095" errors="0" timestamp="2023-12-30T13:38:59 IST">
  <testcase classname="com.testcases.GroupsInTestNg" name="add" time="0.014"/>
  <testcase classname="com.testcases.GroupsInTestNg" name="sub" time="0.0">
    <ignored/>
  </testcase> <!-- sub -->
  <testcase classname="com.testcases.GroupsInTestNg" name="div" time="0.0">
    <ignored/>
  </testcase> <!-- div -->
  <testcase classname="com.testcases.GroupsInTestNg" name="mul" time="0.0">
    <ignored/>
  </testcase> <!-- mul -->
</testsuite> <!-- Test -->
