<?xml version="1.0" encoding="UTF-8"?>
<testng-results ignored="0" total="1" passed="1" failed="0" skipped="0">
  <reporter-output>
  </reporter-output>
  <suite started-at="2023-08-22T23:44:19 IST" name="Suite" finished-at="2023-08-22T23:44:30 IST" duration-ms="10575">
    <groups>
    </groups>
    <test started-at="2023-08-22T23:44:19 IST" name="Test" finished-at="2023-08-22T23:44:30 IST" duration-ms="10575">
      <class name="omayo.testcases.CheckBoxMultipleVerify">
        <test-method is-config="true" signature="launchingUrl()[pri:0, instance:omayo.testcases.CheckBoxMultipleVerify@750e2b97]" started-at="2023-08-22T23:44:19 IST" name="launchingUrl" finished-at="2023-08-22T23:44:29 IST" duration-ms="10152" status="PASS">
          <reporter-output>
          </reporter-output>
        </test-method> <!-- launchingUrl -->
        <test-method signature="verifyAllBOxesGetCheckOrNot()[pri:0, instance:omayo.testcases.CheckBoxMultipleVerify@750e2b97]" started-at="2023-08-22T23:44:29 IST" name="verifyAllBOxesGetCheckOrNot" finished-at="2023-08-22T23:44:30 IST" duration-ms="343" status="PASS">
          <reporter-output>
          </reporter-output>
        </test-method> <!-- verifyAllBOxesGetCheckOrNot -->
        <test-method is-config="true" signature="BrowserClose()[pri:0, instance:omayo.testcases.CheckBoxMultipleVerify@750e2b97]" started-at="2023-08-22T23:44:30 IST" name="BrowserClose" finished-at="2023-08-22T23:44:30 IST" duration-ms="1" status="PASS">
          <reporter-output>
          </reporter-output>
        </test-method> <!-- BrowserClose -->
      </class> <!-- omayo.testcases.CheckBoxMultipleVerify -->
    </test> <!-- Test -->
  </suite> <!-- Suite -->
</testng-results>
